<?xml version="1.0" encoding="UTF-8"?>
<testng-results skipped="0" failed="0" total="1" passed="1">
  <reporter-output>
  </reporter-output>
  <suite name="Default suite" duration-ms="9343" started-at="2016-09-11T09:42:41Z" finished-at="2016-09-11T09:42:50Z">
    <groups>
    </groups>
    <test name="Default test" duration-ms="9343" started-at="2016-09-11T09:42:41Z" finished-at="2016-09-11T09:42:50Z">
      <class name="POM.loginTc">
        <test-method status="PASS" signature="org_LoginTC()[pri:0, instance:POM.loginTc@49c7b90e]" name="org_LoginTC" duration-ms="9298" started-at="2016-09-11T15:12:41Z" finished-at="2016-09-11T15:12:50Z">
          <reporter-output>
          </reporter-output>
        </test-method> <!-- org_LoginTC -->
      </class> <!-- POM.loginTc -->
    </test> <!-- Default test -->
  </suite> <!-- Default suite -->
</testng-results>
