<?xml version="1.0" encoding="UTF-8"?>
<!-- Generated by org.testng.reporters.JUnitXMLReporter -->
<testsuite hostname="Mypc" name="Test" tests="2" failures="0" timestamp="11 Sep 2016 07:56:08 GMT" time="11.277" errors="0">
  <testcase name="@BeforeClass org_Login" time="0.0" classname="testng.userregtest">
    <failure type="java.lang.NullPointerException">
      <![CDATA[java.lang.NullPointerException
	at testng.testngMaster.org_Login(testngMaster.java:47)
... Removed 24 stack frames]]>
    </failure>
  </testcase> <!-- @BeforeClass org_Login -->
  <testcase name="@AfterClass org_Logout" time="0.0" classname="testng.userregtest">
    <skipped/>
  </testcase> <!-- @AfterClass org_Logout -->
  <testcase name="org_Empreg" time="6.323" classname="testng.empregtest"/>
  <testcase name="org_userreg" time="0.003" classname="testng.userregtest">
    <skipped/>
  </testcase> <!-- org_userreg -->
</testsuite> <!-- Test -->
